<?xml version="1.0" encoding="UTF-8"?>
<!-- Generated by org.testng.reporters.JUnitReportReporter -->
<testsuite skipped="0" hostname="DESKTOP-MDMIU9I" name="com.curso.selenium.mx.TestNGAnotations" tests="1" failures="0" timestamp="16 jun 2020 04:41:51 GMT" time="0.032" errors="0">
  <testcase name="f" time="0.032" classname="com.curso.selenium.mx.TestNGAnotations"/>
</testsuite> <!-- com.curso.selenium.mx.TestNGAnotations -->
