<?xml version="1.0" encoding="UTF-8"?>
<!-- Generated by org.testng.reporters.JUnitReportReporter -->
<testsuite skipped="0" hostname="DESKTOP-MDMIU9I" name="com.curso.selenium.mx.DataProviderExample" tests="4" failures="0" timestamp="18 jun 2020 05:07:05 GMT" time="8.698" errors="0">
  <testcase name="testMethod" time="2.123" classname="com.curso.selenium.mx.DataProviderExample"/>
  <testcase name="testMethod" time="2.365" classname="com.curso.selenium.mx.DataProviderExample"/>
  <testcase name="testMethod" time="2.107" classname="com.curso.selenium.mx.DataProviderExample"/>
  <testcase name="testMethod" time="2.103" classname="com.curso.selenium.mx.DataProviderExample"/>
</testsuite> <!-- com.curso.selenium.mx.DataProviderExample -->
