<?xml version="1.0" encoding="UTF-8"?>
<!-- Generated by org.testng.reporters.JUnitReportReporter -->
<testsuite skipped="1" hostname="DESKTOP-MDMIU9I" name="com.curso.selenium.mx.EjemploTestNg" tests="2" failures="0" timestamp="16 jun 2020 04:32:38 GMT" time="1.436" errors="0">
  <testcase name="register" time="1.436" classname="com.curso.selenium.mx.EjemploTestNg"/>
  <testcase name="support" classname="com.curso.selenium.mx.EjemploTestNg">
    <skipped/>
  </testcase> <!-- support -->
</testsuite> <!-- com.curso.selenium.mx.EjemploTestNg -->
